<?xml version="1.0" encoding="UTF-8"?>
<!-- Generated by org.testng.reporters.JUnitXMLReporter -->
<testsuite ignored="0" hostname="SivaRajeshValluri" failures="0" tests="5" name="Default test" time="0.084" errors="0" timestamp="2021-03-24T21:33:10 GMT-04:00">
  <testcase classname="testng.MyTestNGclass" name="testcase2" time="0.009"/>
  <testcase classname="testng.MyTestNGclass" name="testcase2" time="0.001"/>
  <testcase classname="testng.MyTestNGclass" name="testcase2" time="0.002"/>
  <testcase classname="testng.MyTestNGclass" name="testcase2" time="0.006"/>
  <testcase classname="testng.MyTestNGclass" name="testcase1" time="0.002"/>
</testsuite> <!-- Default test -->
