<?xml version="1.0" encoding="UTF-8"?>
<testng-results ignored="0" total="5" passed="5" failed="0" skipped="0">
  <reporter-output>
  </reporter-output>
  <suite started-at="2021-03-24T21:33:10 GMT-04:00" name="Default suite" finished-at="2021-03-24T21:33:10 GMT-04:00" duration-ms="84">
    <groups>
    </groups>
    <test started-at="2021-03-24T21:33:10 GMT-04:00" name="Default test" finished-at="2021-03-24T21:33:10 GMT-04:00" duration-ms="84">
      <class name="testng.MyTestNGclass">
        <test-method is-config="true" signature="beforesuite()[pri:0, instance:testng.MyTestNGclass@355ce81c]" started-at="2021-03-24T21:33:10 GMT-04:00" name="beforesuite" finished-at="2021-03-24T21:33:10 GMT-04:00" duration-ms="11" status="PASS">
          <reporter-output>
          </reporter-output>
        </test-method> <!-- beforesuite -->
        <test-method is-config="true" signature="beforetest()[pri:0, instance:testng.MyTestNGclass@355ce81c]" started-at="2021-03-24T21:33:10 GMT-04:00" name="beforetest" finished-at="2021-03-24T21:33:10 GMT-04:00" duration-ms="0" status="PASS">
          <reporter-output>
          </reporter-output>
        </test-method> <!-- beforetest -->
        <test-method is-config="true" signature="beforeclass()[pri:0, instance:testng.MyTestNGclass@355ce81c]" started-at="2021-03-24T21:33:10 GMT-04:00" name="beforeclass" finished-at="2021-03-24T21:33:10 GMT-04:00" duration-ms="1" status="PASS">
          <reporter-output>
          </reporter-output>
        </test-method> <!-- beforeclass -->
        <test-method is-config="true" signature="beforemethod()[pri:0, instance:testng.MyTestNGclass@355ce81c]" started-at="2021-03-24T21:33:10 GMT-04:00" name="beforemethod" finished-at="2021-03-24T21:33:10 GMT-04:00" duration-ms="1" status="PASS">
          <reporter-output>
          </reporter-output>
        </test-method> <!-- beforemethod -->
        <test-method signature="testcase2(java.lang.String, java.lang.String)[pri:1, instance:testng.MyTestNGclass@355ce81c]" started-at="2021-03-24T21:33:10 GMT-04:00" name="testcase2" data-provider="mydata" finished-at="2021-03-24T21:33:10 GMT-04:00" duration-ms="9" status="PASS">
          <params>
            <param index="0">
              <value>
                <![CDATA[Chrome]]>
              </value>
            </param>
            <param index="1">
              <value>
                <![CDATA[Firefox]]>
              </value>
            </param>
          </params>
          <reporter-output>
          </reporter-output>
        </test-method> <!-- testcase2 -->
        <test-method is-config="true" signature="aftermethod()[pri:0, instance:testng.MyTestNGclass@355ce81c]" started-at="2021-03-24T21:33:10 GMT-04:00" name="aftermethod" finished-at="2021-03-24T21:33:10 GMT-04:00" duration-ms="0" status="PASS">
          <reporter-output>
          </reporter-output>
        </test-method> <!-- aftermethod -->
        <test-method signature="testcase2(java.lang.String, java.lang.String)[pri:1, instance:testng.MyTestNGclass@355ce81c]" started-at="2021-03-24T21:33:10 GMT-04:00" name="testcase2" data-provider="mydata" finished-at="2021-03-24T21:33:10 GMT-04:00" duration-ms="1" status="PASS">
          <params>
            <param index="0">
              <value>
                <![CDATA[edge]]>
              </value>
            </param>
            <param index="1">
              <value>
                <![CDATA[safari]]>
              </value>
            </param>
          </params>
          <reporter-output>
          </reporter-output>
        </test-method> <!-- testcase2 -->
        <test-method is-config="true" signature="beforemethod()[pri:0, instance:testng.MyTestNGclass@355ce81c]" started-at="2021-03-24T21:33:10 GMT-04:00" name="beforemethod" finished-at="2021-03-24T21:33:10 GMT-04:00" duration-ms="0" status="PASS">
          <reporter-output>
          </reporter-output>
        </test-method> <!-- beforemethod -->
        <test-method is-config="true" signature="aftermethod()[pri:0, instance:testng.MyTestNGclass@355ce81c]" started-at="2021-03-24T21:33:10 GMT-04:00" name="aftermethod" finished-at="2021-03-24T21:33:10 GMT-04:00" duration-ms="1" status="PASS">
          <reporter-output>
          </reporter-output>
        </test-method> <!-- aftermethod -->
        <test-method is-config="true" signature="beforemethod()[pri:0, instance:testng.MyTestNGclass@355ce81c]" started-at="2021-03-24T21:33:10 GMT-04:00" name="beforemethod" finished-at="2021-03-24T21:33:10 GMT-04:00" duration-ms="0" status="PASS">
          <reporter-output>
          </reporter-output>
        </test-method> <!-- beforemethod -->
        <test-method signature="testcase2(java.lang.String, java.lang.String)[pri:1, instance:testng.MyTestNGclass@355ce81c]" started-at="2021-03-24T21:33:10 GMT-04:00" name="testcase2" data-provider="mydata" finished-at="2021-03-24T21:33:10 GMT-04:00" duration-ms="2" status="PASS">
          <params>
            <param index="0">
              <value is-null="true"/>
            </param>
            <param index="1">
              <value is-null="true"/>
            </param>
          </params>
          <reporter-output>
          </reporter-output>
        </test-method> <!-- testcase2 -->
        <test-method is-config="true" signature="aftermethod()[pri:0, instance:testng.MyTestNGclass@355ce81c]" started-at="2021-03-24T21:33:10 GMT-04:00" name="aftermethod" finished-at="2021-03-24T21:33:10 GMT-04:00" duration-ms="0" status="PASS">
          <reporter-output>
          </reporter-output>
        </test-method> <!-- aftermethod -->
        <test-method is-config="true" signature="beforemethod()[pri:0, instance:testng.MyTestNGclass@355ce81c]" started-at="2021-03-24T21:33:10 GMT-04:00" name="beforemethod" finished-at="2021-03-24T21:33:10 GMT-04:00" duration-ms="0" status="PASS">
          <reporter-output>
          </reporter-output>
        </test-method> <!-- beforemethod -->
        <test-method signature="testcase2(java.lang.String, java.lang.String)[pri:1, instance:testng.MyTestNGclass@355ce81c]" started-at="2021-03-24T21:33:10 GMT-04:00" name="testcase2" data-provider="mydata" finished-at="2021-03-24T21:33:10 GMT-04:00" duration-ms="6" status="PASS">
          <params>
            <param index="0">
              <value is-null="true"/>
            </param>
            <param index="1">
              <value is-null="true"/>
            </param>
          </params>
          <reporter-output>
          </reporter-output>
        </test-method> <!-- testcase2 -->
        <test-method is-config="true" signature="aftermethod()[pri:0, instance:testng.MyTestNGclass@355ce81c]" started-at="2021-03-24T21:33:10 GMT-04:00" name="aftermethod" finished-at="2021-03-24T21:33:10 GMT-04:00" duration-ms="0" status="PASS">
          <reporter-output>
          </reporter-output>
        </test-method> <!-- aftermethod -->
        <test-method signature="testcase1()[pri:2, instance:testng.MyTestNGclass@355ce81c]" started-at="2021-03-24T21:33:10 GMT-04:00" name="testcase1" finished-at="2021-03-24T21:33:10 GMT-04:00" duration-ms="2" status="PASS">
          <reporter-output>
          </reporter-output>
        </test-method> <!-- testcase1 -->
        <test-method is-config="true" signature="beforemethod()[pri:0, instance:testng.MyTestNGclass@355ce81c]" started-at="2021-03-24T21:33:10 GMT-04:00" name="beforemethod" finished-at="2021-03-24T21:33:10 GMT-04:00" duration-ms="0" status="PASS">
          <reporter-output>
          </reporter-output>
        </test-method> <!-- beforemethod -->
        <test-method is-config="true" signature="aftermethod()[pri:0, instance:testng.MyTestNGclass@355ce81c]" started-at="2021-03-24T21:33:10 GMT-04:00" name="aftermethod" finished-at="2021-03-24T21:33:10 GMT-04:00" duration-ms="1" status="PASS">
          <reporter-output>
          </reporter-output>
        </test-method> <!-- aftermethod -->
        <test-method is-config="true" signature="afterclass()[pri:0, instance:testng.MyTestNGclass@355ce81c]" started-at="2021-03-24T21:33:10 GMT-04:00" name="afterclass" finished-at="2021-03-24T21:33:10 GMT-04:00" duration-ms="2" status="PASS">
          <reporter-output>
          </reporter-output>
        </test-method> <!-- afterclass -->
        <test-method is-config="true" signature="aftertest()[pri:0, instance:testng.MyTestNGclass@355ce81c]" started-at="2021-03-24T21:33:10 GMT-04:00" name="aftertest" finished-at="2021-03-24T21:33:10 GMT-04:00" duration-ms="0" status="PASS">
          <reporter-output>
          </reporter-output>
        </test-method> <!-- aftertest -->
        <test-method is-config="true" signature="aftersuite()[pri:0, instance:testng.MyTestNGclass@355ce81c]" started-at="2021-03-24T21:33:10 GMT-04:00" name="aftersuite" finished-at="2021-03-24T21:33:10 GMT-04:00" duration-ms="0" status="PASS">
          <reporter-output>
          </reporter-output>
        </test-method> <!-- aftersuite -->
      </class> <!-- testng.MyTestNGclass -->
    </test> <!-- Default test -->
  </suite> <!-- Default suite -->
</testng-results>
