<?xml version="1.0" encoding="UTF-8"?>
<!-- Generated by org.testng.reporters.JUnitXMLReporter -->
<testsuite ignored="0" hostname="SivaRajeshValluri" failures="1" tests="7" name="Test" time="17.477" errors="0" timestamp="2021-03-24T21:18:18 GMT-04:00">
  <testcase classname="testng.Webtables" name="openurl" time="2.578"/>
  <testcase classname="testng.Webtables" name="countcompanynames" time="6.741"/>
  <testcase classname="testng.Webtables" name="searchcompanyname" time="1.029"/>
  <testcase classname="testng.MyTestNGclass" name="testcase2" time="0.001"/>
  <testcase classname="testng.MyTestNGclass" name="testcase1" time="0.001"/>
  <testcase classname="testng.Assertionsclass" name="testcase1" time="0.007"/>
  <testcase classname="testng.Assertionsclass" name="testcase2" time="0.003">
    <failure type="java.lang.AssertionError" message="expected [HELLO] but found [HELL]">
      <![CDATA[java.lang.AssertionError: expected [HELLO] but found [HELL]
at testng.Assertionsclass.testcase2(Assertionsclass.java:12)
at java.base/java.util.ArrayList.forEach(ArrayList.java:1511)
... Removed 33 stack frames]]>
    </failure>
  </testcase> <!-- testcase2 -->
</testsuite> <!-- Test -->
